<?xml version="1.0" encoding="UTF-8"?>
<!-- Generated by org.testng.reporters.JUnitXMLReporter -->
<testsuite ignored="0" hostname="LAPTOP-C1KGDM9L" failures="0" tests="7" name="Default test" time="21.268" errors="0" timestamp="2023-03-05T18:37:44 IST">
  <testcase classname="com.testng.RedBus" name="launch_the_url" time="9.924"/>
  <testcase classname="com.testng.RedBus" name="from_place" time="3.191"/>
  <testcase classname="com.testng.RedBus" name="to_place" time="0.171"/>
  <testcase classname="com.testng.RedBus" name="choose_date" time="3.335"/>
  <testcase classname="com.testng.RedBus" name="search" time="0.147"/>
  <testcase classname="com.testng.RedBus" name="take_screenshot" time="0.739"/>
  <testcase classname="com.testng.RedBus" name="quit_the_browser" time="3.601"/>
</testsuite> <!-- Default test -->
