<?xml version="1.0" encoding="UTF-8"?>
<!-- Generated by org.testng.reporters.JUnitXMLReporter -->
<testsuite ignored="0" hostname="LAPTOP-C1KGDM9L" failures="0" tests="12" name="Test" time="23.729" errors="0" timestamp="2023-03-05T13:51:33 IST">
  <testcase classname="com.testng.RedBus" name="launch_the_url" time="10.032"/>
  <testcase classname="com.testng.Flipkart" name="search" time="0.252"/>
  <testcase classname="com.testng.Flipkart" name="samsungModels" time="0.263"/>
  <testcase classname="com.testng.RedBus" name="from_place" time="3.118"/>
  <testcase classname="com.testng.RedBus" name="to_place" time="0.26"/>
  <testcase classname="com.testng.Flipkart" name="screenShot" time="3.467"/>
  <testcase classname="com.testng.RedBus" name="choose_date" time="3.329"/>
  <testcase classname="com.testng.RedBus" name="search" time="0.094"/>
  <testcase classname="com.testng.RedBus" name="take_screenshot" time="0.736"/>
  <testcase classname="com.testng.Flipkart" name="screenShot" time="3.423"/>
  <testcase classname="com.testng.Flipkart" name="screenShot" time="3.603"/>
  <testcase classname="com.testng.RedBus" name="quit_the_browser" time="3.722"/>
</testsuite> <!-- Test -->
