<?xml version="1.0" encoding="UTF-8"?>
<!-- Generated by org.testng.reporters.JUnitXMLReporter -->
<testsuite ignored="0" hostname="LAPTOP-C1KGDM9L" failures="0" tests="5" name="Test2" time="1633.325" errors="0" timestamp="2023-04-24T19:53:57 IST">
  <testcase classname="com.testng.Flipkart" name="@BeforeClass launch" time="1633.191">
    <failure type="org.openqa.selenium.remote.http.ConnectionFailedException" message="Unable to establish websocket connection to http://localhost:49853/devtools/browser/1139d1e4-19a9-423c-87a7-13111ac0ed34
Build info: version: &amp;apos;4.1.2&amp;apos;, revision: &amp;apos;9a5a329c5a&amp;apos;
System info: host: &amp;apos;LAPTOP-C1KGDM9L&amp;apos;, ip: &amp;apos;192.168.1.4&amp;apos;, os.name: &amp;apos;Windows 10&amp;apos;, os.arch: &amp;apos;amd64&amp;apos;, os.version: &amp;apos;10.0&amp;apos;, java.version: &amp;apos;17.0.2&amp;apos;
Driver info: driver.version: EdgeDriver">
      <![CDATA[org.openqa.selenium.remote.http.ConnectionFailedException: Unable to establish websocket connection to http://localhost:49853/devtools/browser/1139d1e4-19a9-423c-87a7-13111ac0ed34
Build info: version: '4.1.2', revision: '9a5a329c5a'
System info: host: 'LAPTOP-C1KGDM9L', ip: '192.168.1.4', os.name: 'Windows 10', os.arch: 'amd64', os.version: '10.0', java.version: '17.0.2'
Driver info: driver.version: EdgeDriver
at org.openqa.selenium.remote.http.netty.NettyWebSocket.<init>(NettyWebSocket.java:104)
at org.openqa.selenium.remote.http.netty.NettyWebSocket.lambda$create$3(NettyWebSocket.java:137)
at org.openqa.selenium.remote.http.netty.NettyClient.openSocket(NettyClient.java:118)
at org.openqa.selenium.devtools.Connection.<init>(Connection.java:77)
at org.openqa.selenium.chromium.ChromiumDriver.lambda$new$2(ChromiumDriver.java:124)
at java.base/java.util.Optional.map(Optional.java:260)
at org.openqa.selenium.chromium.ChromiumDriver.<init>(ChromiumDriver.java:122)
at org.openqa.selenium.edge.EdgeDriver.<init>(EdgeDriver.java:52)
at org.openqa.selenium.edge.EdgeDriver.<init>(EdgeDriver.java:44)
at com.testng.Flipkart.launch(Flipkart.java:46)
at java.base/java.util.ArrayList.forEach(ArrayList.java:1511)
at java.base/java.util.concurrent.FutureTask.run(FutureTask.java:264)
at java.base/java.util.concurrent.ThreadPoolExecutor.runWorker(ThreadPoolExecutor.java:1136)
at java.base/java.util.concurrent.ThreadPoolExecutor$Worker.run(ThreadPoolExecutor.java:635)
at java.base/java.lang.Thread.run(Thread.java:833)
... Removed 16 stack frames]]>
    </failure>
  </testcase> <!-- @BeforeClass launch -->
  <testcase classname="com.testng.Flipkart" name="@BeforeMethod startTime" time="-1.682346237794E9">
    <skipped/>
  </testcase> <!-- @BeforeMethod startTime -->
  <testcase classname="com.testng.Flipkart" name="@AfterMethod endTime" time="-1.682346237802E9">
    <skipped/>
  </testcase> <!-- @AfterMethod endTime -->
  <testcase classname="com.testng.Flipkart" name="@BeforeMethod startTime" time="-1.682346237806E9">
    <skipped/>
  </testcase> <!-- @BeforeMethod startTime -->
  <testcase classname="com.testng.Flipkart" name="@AfterMethod endTime" time="-1.682346237814E9">
    <skipped/>
  </testcase> <!-- @AfterMethod endTime -->
  <testcase classname="com.testng.Flipkart" name="@BeforeMethod startTime" time="-1.68234623782E9">
    <skipped/>
  </testcase> <!-- @BeforeMethod startTime -->
  <testcase classname="com.testng.Flipkart" name="@AfterMethod endTime" time="-1.682346237826E9">
    <skipped/>
  </testcase> <!-- @AfterMethod endTime -->
  <testcase classname="com.testng.Flipkart" name="@BeforeMethod startTime" time="-1.682346237829E9">
    <skipped/>
  </testcase> <!-- @BeforeMethod startTime -->
  <testcase classname="com.testng.Flipkart" name="@AfterMethod endTime" time="-1.682346237836E9">
    <skipped/>
  </testcase> <!-- @AfterMethod endTime -->
  <testcase classname="com.testng.Flipkart" name="@BeforeMethod startTime" time="-1.682346237839E9">
    <skipped/>
  </testcase> <!-- @BeforeMethod startTime -->
  <testcase classname="com.testng.Flipkart" name="@AfterMethod endTime" time="-1.682346237845E9">
    <skipped/>
  </testcase> <!-- @AfterMethod endTime -->
  <testcase classname="com.testng.Flipkart" name="@AfterClass quit" time="-1.682346237849E9">
    <skipped/>
  </testcase> <!-- @AfterClass quit -->
  <testcase classname="com.testng.Flipkart" name="search" time="0.0">
    <skipped/>
  </testcase> <!-- search -->
  <testcase classname="com.testng.Flipkart" name="samsungModels" time="0.0">
    <skipped/>
  </testcase> <!-- samsungModels -->
  <testcase classname="com.testng.Flipkart" name="screenShot" time="0.0">
    <skipped/>
  </testcase> <!-- screenShot -->
  <testcase classname="com.testng.Flipkart" name="screenShot" time="0.0">
    <skipped/>
  </testcase> <!-- screenShot -->
  <testcase classname="com.testng.Flipkart" name="screenShot" time="0.0">
    <skipped/>
  </testcase> <!-- screenShot -->
</testsuite> <!-- Test2 -->
